2024-03-05 19:34:44,461 - com.myLearning.loggers.LaunchDemo - [service] - (INFO) - Message coming from Info method - 
2024-03-05 19:34:44,465 - com.myLearning.loggers.LaunchDemo - [service] - (DEBUG) - Message coming from debug method - 
2024-03-05 19:34:44,466 - com.myLearning.loggers.LaunchDemo - [service] - (WARN) - Message coming from warn method - 
2024-03-05 19:34:44,467 - com.myLearning.loggers.LaunchDemo - [service] - (ERROR) - Message coming from error method - 
2024-03-05 19:34:44,468 - com.myLearning.loggers.LaunchDemo - [service] - (FATAL) - Message coming from fatal method - 
2024-03-05 19:35:36,359 - com.myLearning.loggers.LaunchDemo - [service] - (INFO) - Message coming from Info method - 
2024-03-05 19:35:36,365 - com.myLearning.loggers.LaunchDemo - [service] - (DEBUG) - Message coming from debug method - 
2024-03-05 19:35:36,365 - com.myLearning.loggers.LaunchDemo - [service] - (WARN) - Message coming from warn method - 
2024-03-05 19:35:36,366 - com.myLearning.loggers.LaunchDemo - [service] - (ERROR) - Message coming from error method - 
2024-03-05 19:35:36,366 - com.myLearning.loggers.LaunchDemo - [service] - (FATAL) - Message coming from fatal method - 
2024-03-05 19:38:37,451 - com.myLearning.loggers.LaunchDemo - [service] - (ERROR) - Message coming from error method - 
2024-03-05 19:38:37,455 - com.myLearning.loggers.LaunchDemo - [service] - (FATAL) - Message coming from fatal method - 
2024-03-05 19:38:59,772 - com.myLearning.loggers.LaunchDemo - [service] - (WARN) - Message coming from warn method - 
2024-03-05 19:38:59,775 - com.myLearning.loggers.LaunchDemo - [service] - (ERROR) - Message coming from error method - 
2024-03-05 19:38:59,775 - com.myLearning.loggers.LaunchDemo - [service] - (FATAL) - Message coming from fatal method - 
2024-03-05 19:39:25,141 - com.myLearning.loggers.LaunchDemo - [service] - (INFO) - Message coming from Info method - 
2024-03-05 19:39:25,145 - com.myLearning.loggers.LaunchDemo - [service] - (WARN) - Message coming from warn method - 
2024-03-05 19:39:25,146 - com.myLearning.loggers.LaunchDemo - [service] - (ERROR) - Message coming from error method - 
2024-03-05 19:39:25,147 - com.myLearning.loggers.LaunchDemo - [service] - (FATAL) - Message coming from fatal method - 
2024-03-05 19:39:49,382 - com.myLearning.loggers.LaunchDemo - [service] - (INFO) - Message coming from Info method - 
2024-03-05 19:39:49,385 - com.myLearning.loggers.LaunchDemo - [service] - (WARN) - Message coming from warn method - 
2024-03-05 19:39:49,386 - com.myLearning.loggers.LaunchDemo - [service] - (ERROR) - Message coming from error method - 
2024-03-05 19:39:49,386 - com.myLearning.loggers.LaunchDemo - [service] - (FATAL) - Message coming from fatal method - 
2024-03-05 19:40:13,389 - com.myLearning.loggers.LaunchDemo - [service] - (ERROR) - Message coming from error method - 
2024-03-05 19:40:13,394 - com.myLearning.loggers.LaunchDemo - [service] - (FATAL) - Message coming from fatal method - 
2024-03-05 19:40:30,181 - com.myLearning.loggers.LaunchDemo - [service] - (TRACE) - Message coming from trace method - 
2024-03-05 19:40:30,185 - com.myLearning.loggers.LaunchDemo - [service] - (INFO) - Message coming from Info method - 
2024-03-05 19:40:30,185 - com.myLearning.loggers.LaunchDemo - [service] - (DEBUG) - Message coming from debug method - 
2024-03-05 19:40:30,186 - com.myLearning.loggers.LaunchDemo - [service] - (WARN) - Message coming from warn method - 
2024-03-05 19:40:30,186 - com.myLearning.loggers.LaunchDemo - [service] - (ERROR) - Message coming from error method - 
2024-03-05 19:40:30,187 - com.myLearning.loggers.LaunchDemo - [service] - (FATAL) - Message coming from fatal method - 
2024-03-05 19:41:57,244 - com.myLearning.loggers.LaunchDemo - [service] - (INFO) - Message coming from Info method - 
2024-03-05 19:41:57,249 - com.myLearning.loggers.LaunchDemo - [service] - (DEBUG) - Message coming from debug method - 
2024-03-05 19:41:57,249 - com.myLearning.loggers.LaunchDemo - [service] - (WARN) - Message coming from warn method - 
2024-03-05 19:41:57,250 - com.myLearning.loggers.LaunchDemo - [service] - (ERROR) - Message coming from error method - 
2024-03-05 19:41:57,250 - com.myLearning.loggers.LaunchDemo - [service] - (FATAL) - Message coming from fatal method - 
2024-03-05 19:43:43,854 - com.myLearning.loggers.LaunchDemo - [service] - (INFO) - Message coming from Info method - 
2024-03-05 19:43:43,859 - com.myLearning.loggers.LaunchDemo - [service] - (DEBUG) - Message coming from debug method - 
2024-03-05 19:43:43,860 - com.myLearning.loggers.LaunchDemo - [service] - (WARN) - Message coming from warn method - 
2024-03-05 19:43:43,860 - com.myLearning.loggers.LaunchDemo - [service] - (ERROR) - Message coming from error method - 
2024-03-05 19:43:43,861 - com.myLearning.loggers.LaunchDemo - [service] - (FATAL) - Message coming from fatal method - 
2024-03-05 19:44:02,702 - com.myLearning.loggers.LaunchDemo - [service] - (ERROR) - Message coming from error method - 
2024-03-05 19:44:02,706 - com.myLearning.loggers.LaunchDemo - [service] - (FATAL) - Message coming from fatal method - 
2024-03-10 21:53:23,081 - com.myLearning.loggers.LaunchDemo - [service] - (INFO) - Message coming from Info method - 
2024-03-10 21:53:23,086 - com.myLearning.loggers.LaunchDemo - [service] - (DEBUG) - Message coming from debug method - 
2024-03-10 21:53:23,087 - com.myLearning.loggers.LaunchDemo - [service] - (WARN) - Message coming from warn method - 
2024-03-10 21:53:23,087 - com.myLearning.loggers.LaunchDemo - [service] - (ERROR) - Message coming from error method - 
2024-03-10 21:53:23,088 - com.myLearning.loggers.LaunchDemo - [service] - (FATAL) - Message coming from fatal method - 
2024-03-10 21:53:51,833 - com.myLearning.loggers.LaunchDemo - [service] - (WARN) - Message coming from warn method - 
2024-03-10 21:53:51,842 - com.myLearning.loggers.LaunchDemo - [service] - (ERROR) - Message coming from error method - 
2024-03-10 21:53:51,843 - com.myLearning.loggers.LaunchDemo - [service] - (FATAL) - Message coming from fatal method - 
2024-03-10 22:01:01,215 - com.myLearning.loggers.LaunchDemo - [service] - (WARN) - Message coming from warn method - 
2024-03-10 22:01:01,219 - com.myLearning.loggers.LaunchDemo - [service] - (ERROR) - Message coming from error method - 
2024-03-10 22:01:01,220 - com.myLearning.loggers.LaunchDemo - [service] - (FATAL) - Message coming from fatal method - 
2024-03-10 22:01:01,232 - com.myLearning.loggers.LaunchDemo - [service] - (FATAL) - Message coming from fatal method {0} - 
2024-03-10 22:12:30,984 - com.myLearning.loggers.LaunchDemo - [service] - (WARN) - Message coming from warn method - 
2024-03-10 22:12:30,989 - com.myLearning.loggers.LaunchDemo - [service] - (ERROR) - Message coming from error method - 
2024-03-10 22:12:30,990 - com.myLearning.loggers.LaunchDemo - [service] - (FATAL) - Message coming from fatal method - 
2024-03-10 22:12:31,003 - com.myLearning.loggers.LaunchDemo - [service] - (FATAL) - Message coming from fatal method {0} - 
2024-03-10 22:13:01,590 - com.myLearning.loggers.LaunchDemo - [service] - (WARN) - Message coming from warn method - 
2024-03-10 22:13:01,596 - com.myLearning.loggers.LaunchDemo - [service] - (ERROR) - Message coming from error method - 
2024-03-10 22:13:01,597 - com.myLearning.loggers.LaunchDemo - [service] - (FATAL) - Message coming from fatal method - 
2024-03-10 22:13:01,637 - com.myLearning.loggers.LaunchDemo - [service] - (FATAL) - Message coming from fatal method {0} - 
